<?xml version="1.0" encoding="UTF-8"?>
<testng-results ignored="0" total="3" passed="3" failed="0" skipped="0">
  <reporter-output>
  </reporter-output>
  <suite started-at="2025-08-31T01:30:22 EEST" name="Default suite" finished-at="2025-08-31T01:30:28 EEST" duration-ms="6049">
    <groups>
      <group name="cucumber">
        <method signature="AbstractTestNGCucumberTests.runScenario(io.cucumber.testng.PickleWrapper,io.cucumber.testng.FeatureWrapper)[pri:0, instance:runner.ApiRunner@7a5ceedd]" name="runScenario" class="io.cucumber.testng.AbstractTestNGCucumberTests"/>
      </group> <!-- cucumber -->
    </groups>
    <test started-at="2025-08-31T01:30:22 EEST" name="Default test" finished-at="2025-08-31T01:30:28 EEST" duration-ms="6049">
      <class name="runner.ApiRunner">
        <test-method is-config="true" signature="setUpClass(org.testng.ITestContext)[pri:0, instance:runner.ApiRunner@7a5ceedd]" started-at="2025-08-31T01:30:22 EEST" name="setUpClass" finished-at="2025-08-31T01:30:23 EEST" duration-ms="726" status="PASS">
          <params>
            <param index="0">
              <value>
                <![CDATA[org.testng.TestRunner@46290193]]>
              </value>
            </param>
          </params>
          <reporter-output>
          </reporter-output>
        </test-method> <!-- setUpClass -->
        <test-method signature="runScenario(io.cucumber.testng.PickleWrapper,io.cucumber.testng.FeatureWrapper)[pri:0, instance:runner.ApiRunner@7a5ceedd]" started-at="2025-08-31T01:30:23 EEST" name="runScenario" description="Runs Cucumber Scenarios" data-provider="scenarios" finished-at="2025-08-31T01:30:26 EEST" duration-ms="2584" status="PASS">
          <params>
            <param index="0">
              <value>
                <![CDATA["Get list of books"]]>
              </value>
            </param>
            <param index="1">
              <value>
                <![CDATA["Books API Tests"]]>
              </value>
            </param>
          </params>
          <reporter-output>
          </reporter-output>
        </test-method> <!-- runScenario -->
        <test-method signature="runScenario(io.cucumber.testng.PickleWrapper,io.cucumber.testng.FeatureWrapper)[pri:0, instance:runner.ApiRunner@7a5ceedd]" started-at="2025-08-31T01:30:26 EEST" name="runScenario" description="Runs Cucumber Scenarios" data-provider="scenarios" finished-at="2025-08-31T01:30:26 EEST" duration-ms="536" status="PASS">
          <params>
            <param index="0">
              <value>
                <![CDATA["Create a new order"]]>
              </value>
            </param>
            <param index="1">
              <value>
                <![CDATA["Books API Tests"]]>
              </value>
            </param>
          </params>
          <reporter-output>
          </reporter-output>
        </test-method> <!-- runScenario -->
        <test-method signature="runScenario(io.cucumber.testng.PickleWrapper,io.cucumber.testng.FeatureWrapper)[pri:0, instance:runner.ApiRunner@7a5ceedd]" started-at="2025-08-31T01:30:26 EEST" name="runScenario" description="Runs Cucumber Scenarios" data-provider="scenarios" finished-at="2025-08-31T01:30:27 EEST" duration-ms="497" status="PASS">
          <params>
            <param index="0">
              <value>
                <![CDATA["Delete the order"]]>
              </value>
            </param>
            <param index="1">
              <value>
                <![CDATA["Books API Tests"]]>
              </value>
            </param>
          </params>
          <reporter-output>
          </reporter-output>
        </test-method> <!-- runScenario -->
        <test-method is-config="true" signature="tearDownClass()[pri:0, instance:runner.ApiRunner@7a5ceedd]" started-at="2025-08-31T01:30:27 EEST" name="tearDownClass" finished-at="2025-08-31T01:30:28 EEST" duration-ms="1659" status="PASS">
          <reporter-output>
          </reporter-output>
        </test-method> <!-- tearDownClass -->
      </class> <!-- runner.ApiRunner -->
    </test> <!-- Default test -->
  </suite> <!-- Default suite -->
</testng-results>
